0 verbose cli /usr/local/bin/node /usr/local/lib/node_modules/npm/bin/npm-cli.js
1 info using npm@10.9.8
2 info using node@v22.23.1
3 silly config load:file:/usr/local/lib/node_modules/npm/npmrc
4 silly config load:file:/Users/mac/Documents/drinksharbour/client/.npmrc
5 silly config load:file:/Users/mac/.npmrc
6 silly config load:file:/usr/local/etc/npmrc
7 verbose title npm exec pnpm@9.15.0 install --no-frozen-lockfile
8 verbose argv "exec" "--yes" "--" "pnpm@9.15.0" "install" "--no-frozen-lockfile"
9 verbose logfile logs-max:10 dir:/Users/mac/Documents/drinksharbour/.npm-cache/_logs/2026-06-29T02_33_56_054Z-
10 verbose logfile /Users/mac/Documents/drinksharbour/.npm-cache/_logs/2026-06-29T02_33_56_054Z-debug-0.log
11 silly logfile done cleaning log files
12 silly packumentCache heap:4345298944 maxSize:1086324736 maxEntrySize:543162368
13 http fetch GET 200 https://registry.npmjs.org/pnpm 648ms (cache revalidated)
14 silly packumentCache heap:4345298944 maxSize:1086324736 maxEntrySize:543162368
15 silly packumentCache heap:4345298944 maxSize:1086324736 maxEntrySize:543162368
16 verbose cwd /Users/mac/Documents/drinksharbour/client
17 verbose os Darwin 23.0.0
18 verbose node v22.23.1
19 verbose npm  v10.9.8
20 verbose exit 243
21 verbose code 243
