0 verbose cli /usr/local/bin/node /usr/local/bin/npm
1 info using npm@10.9.8
2 info using node@v22.23.1
3 silly config load:file:/usr/local/lib/node_modules/npm/npmrc
4 silly config load:file:/Users/mac/.npmrc
5 silly config load:file:/usr/local/etc/npmrc
6 verbose title npm install pnpm@11.9.0
7 verbose argv "install" "--global" "pnpm@11.9.0"
8 verbose logfile logs-max:10 dir:/Users/mac/Documents/drinksharbour/.npm-cache/_logs/2026-06-29T03_27_52_497Z-
9 verbose logfile /Users/mac/Documents/drinksharbour/.npm-cache/_logs/2026-06-29T03_27_52_497Z-debug-0.log
10 silly packumentCache heap:4345298944 maxSize:1086324736 maxEntrySize:543162368
11 silly logfile done cleaning log files
12 silly idealTree buildDeps
13 silly fetch manifest pnpm@11.9.0
14 silly packumentCache full:https://registry.npmjs.org/pnpm cache-miss
15 http fetch GET 200 https://registry.npmjs.org/pnpm 737ms (cache revalidated)
16 silly packumentCache full:https://registry.npmjs.org/pnpm set size:5434407 disposed:false
17 silly placeDep ROOT pnpm@11.9.0 OK for:  want: 11.9.0
18 silly reify mark retired [
18 silly reify   '/usr/local/lib/node_modules/pnpm',
18 silly reify   '/usr/local/bin/pnpm',
18 silly reify   '/usr/local/bin/pnpx'
18 silly reify ]
19 silly reify moves {
19 silly reify   '/usr/local/lib/node_modules/pnpm': '/usr/local/lib/node_modules/.pnpm-LW2coPit',
19 silly reify   '/usr/local/bin/pnpm': '/usr/local/bin/.pnpm-dB7q63VH',
19 silly reify   '/usr/local/bin/pnpx': '/usr/local/bin/.pnpx-ODwt4u1T'
19 silly reify }
20 verbose stack Error: EACCES: permission denied, rename '/usr/local/lib/node_modules/pnpm' -> '/usr/local/lib/node_modules/.pnpm-LW2coPit'
20 verbose stack     at async Object.rename (node:internal/fs/promises:784:10)
20 verbose stack     at async moveFile (/usr/local/lib/node_modules/npm/node_modules/@npmcli/fs/lib/move-file.js:30:5)
20 verbose stack     at async Promise.allSettled (index 0)
20 verbose stack     at async [reifyPackages] (/usr/local/lib/node_modules/npm/node_modules/@npmcli/arborist/lib/arborist/reify.js:334:11)
20 verbose stack     at async Arborist.reify (/usr/local/lib/node_modules/npm/node_modules/@npmcli/arborist/lib/arborist/reify.js:149:5)
20 verbose stack     at async Install.exec (/usr/local/lib/node_modules/npm/lib/commands/install.js:150:5)
20 verbose stack     at async Npm.exec (/usr/local/lib/node_modules/npm/lib/npm.js:207:9)
20 verbose stack     at async module.exports (/usr/local/lib/node_modules/npm/lib/cli/entry.js:74:5)
21 error code EACCES
22 error syscall rename
23 error path /usr/local/lib/node_modules/pnpm
24 error dest /usr/local/lib/node_modules/.pnpm-LW2coPit
25 error errno -13
26 error Error: EACCES: permission denied, rename '/usr/local/lib/node_modules/pnpm' -> '/usr/local/lib/node_modules/.pnpm-LW2coPit'
26 error     at async Object.rename (node:internal/fs/promises:784:10)
26 error     at async moveFile (/usr/local/lib/node_modules/npm/node_modules/@npmcli/fs/lib/move-file.js:30:5)
26 error     at async Promise.allSettled (index 0)
26 error     at async [reifyPackages] (/usr/local/lib/node_modules/npm/node_modules/@npmcli/arborist/lib/arborist/reify.js:334:11)
26 error     at async Arborist.reify (/usr/local/lib/node_modules/npm/node_modules/@npmcli/arborist/lib/arborist/reify.js:149:5)
26 error     at async Install.exec (/usr/local/lib/node_modules/npm/lib/commands/install.js:150:5)
26 error     at async Npm.exec (/usr/local/lib/node_modules/npm/lib/npm.js:207:9)
26 error     at async module.exports (/usr/local/lib/node_modules/npm/lib/cli/entry.js:74:5) {
26 error   errno: -13,
26 error   code: 'EACCES',
26 error   syscall: 'rename',
26 error   path: '/usr/local/lib/node_modules/pnpm',
26 error   dest: '/usr/local/lib/node_modules/.pnpm-LW2coPit'
26 error }
27 error
27 error The operation was rejected by your operating system.
27 error It is likely you do not have the permissions to access this file as the current user
27 error
27 error If you believe this might be a permissions issue, please double-check the
27 error permissions of the file and its containing directories, or try running
27 error the command again as root/Administrator.
28 silly unfinished npm timer reify 1782703673329
29 silly unfinished npm timer reify:retireShallow 1782703674172
30 verbose cwd /Users/mac/Documents/drinksharbour
31 verbose os Darwin 23.0.0
32 verbose node v22.23.1
33 verbose npm  v10.9.8
34 verbose exit -13
35 verbose code -13
36 error A complete log of this run can be found in: /Users/mac/Documents/drinksharbour/.npm-cache/_logs/2026-06-29T03_27_52_497Z-debug-0.log
