0 verbose cli /usr/local/bin/node /usr/local/bin/npm
1 info using npm@10.8.2
2 info using node@v20.20.1
3 silly config load:file:/usr/local/lib/node_modules/npm/npmrc
4 info config found workspace root at /Users/mac/Documents/drinksharbour/client
5 silly config load:file:/Users/mac/Documents/drinksharbour/client/.npmrc
6 silly config load:file:/Users/mac/.npmrc
7 silly config load:file:/usr/local/etc/npmrc
8 verbose title npm install socket.io-client
9 verbose argv "install" "socket.io-client" "--legacy-peer-deps" "--cache" "/Users/mac/Documents/drinksharbour/.npm-cache"
10 verbose logfile logs-max:10 dir:/Users/mac/Documents/drinksharbour/.npm-cache/_logs/2026-06-27T05_02_44_628Z-
11 verbose logfile /Users/mac/Documents/drinksharbour/.npm-cache/_logs/2026-06-27T05_02_44_628Z-debug-0.log
12 silly logfile done cleaning log files
13 silly packumentCache heap:4345298944 maxSize:1086324736 maxEntrySize:543162368
14 silly idealTree buildDeps
15 silly placeDep ROOT admin@7.6.2 OK for:  want: file:/Users/mac/Documents/drinksharbour/client/apps/admin
16 silly placeDep ROOT core@7.6.2 OK for:  want: file:/Users/mac/Documents/drinksharbour/client/packages/isomorphic-core
17 silly placeDep ROOT platform@0.1.0 OK for:  want: file:/Users/mac/Documents/drinksharbour/client/apps/platform
18 silly placeDep ROOT tailwind-config@0.0.0 OK for:  want: file:/Users/mac/Documents/drinksharbour/client/packages/config-tailwind
19 silly placeDep ROOT typescript-config@0.0.0 OK for:  want: file:/Users/mac/Documents/drinksharbour/client/packages/config-typescript
20 verbose stack TypeError: Cannot read properties of null (reading 'name')
20 verbose stack     at Node.matches (/usr/local/lib/node_modules/npm/node_modules/@npmcli/arborist/lib/node.js:1111:14)
20 verbose stack     at Link.matches (/usr/local/lib/node_modules/npm/node_modules/@npmcli/arborist/lib/node.js:1117:41)
20 verbose stack     at Link.canDedupe (/usr/local/lib/node_modules/npm/node_modules/@npmcli/arborist/lib/node.js:1071:15)
20 verbose stack     at PlaceDep.pruneDedupable (/usr/local/lib/node_modules/npm/node_modules/@npmcli/arborist/lib/place-dep.js:426:14)
20 verbose stack     at new PlaceDep (/usr/local/lib/node_modules/npm/node_modules/@npmcli/arborist/lib/place-dep.js:278:14)
20 verbose stack     at #buildDepStep (/usr/local/lib/node_modules/npm/node_modules/@npmcli/arborist/lib/arborist/build-ideal-tree.js:917:18)
20 verbose stack     at async Arborist.buildIdealTree (/usr/local/lib/node_modules/npm/node_modules/@npmcli/arborist/lib/arborist/build-ideal-tree.js:181:7)
20 verbose stack     at async Promise.all (index 1)
20 verbose stack     at async Arborist.reify (/usr/local/lib/node_modules/npm/node_modules/@npmcli/arborist/lib/arborist/reify.js:131:5)
20 verbose stack     at async Install.exec (/usr/local/lib/node_modules/npm/lib/commands/install.js:150:5)
21 error Cannot read properties of null (reading 'name')
22 silly unfinished npm timer reify 1782536565008
23 silly unfinished npm timer reify:loadTrees 1782536565009
24 silly unfinished npm timer idealTree:buildDeps 1782536572011
25 silly unfinished npm timer idealTree:#root 1782536572013
26 verbose cwd /Users/mac/Documents/drinksharbour/client/apps/admin
27 verbose os Darwin 23.0.0
28 verbose node v20.20.1
29 verbose npm  v10.8.2
30 verbose exit 1
31 verbose code 1
32 error A complete log of this run can be found in: /Users/mac/Documents/drinksharbour/.npm-cache/_logs/2026-06-27T05_02_44_628Z-debug-0.log
